[debug] [2023-04-30T06:41:38.913Z] ----------------------------------------------------------------------
[debug] [2023-04-30T06:41:38.915Z] Command:       /usr/local/bin/firebase /Users/entaku/.cache/firebase/tools/lib/node_modules/firebase-tools/lib/bin/firebase deploy --only functions
[debug] [2023-04-30T06:41:38.916Z] CLI Version:   11.14.1
[debug] [2023-04-30T06:41:38.916Z] Platform:      darwin
[debug] [2023-04-30T06:41:38.916Z] Node Version:  v16.16.0
[debug] [2023-04-30T06:41:38.917Z] Time:          Sun Apr 30 2023 15:41:38 GMT+0900 (Japan Standard Time)
[debug] [2023-04-30T06:41:38.918Z] ----------------------------------------------------------------------
[debug] 
[debug] [2023-04-30T06:41:39.046Z] > command requires scopes: ["email","openid","https://www.googleapis.com/auth/cloudplatformprojects.readonly","https://www.googleapis.com/auth/firebase","https://www.googleapis.com/auth/cloud-platform"]
[debug] [2023-04-30T06:41:39.047Z] > authorizing via signed-in user (entaku19890818@gmail.com)
[debug] [2023-04-30T06:41:39.048Z] [iam] checking project the-pitch-post for permissions ["cloudfunctions.functions.create","cloudfunctions.functions.delete","cloudfunctions.functions.get","cloudfunctions.functions.list","cloudfunctions.functions.update","cloudfunctions.operations.get","firebase.projects.get"]
[debug] [2023-04-30T06:41:39.050Z] >>> [apiv2][query] POST https://cloudresourcemanager.googleapis.com/v1/projects/the-pitch-post:testIamPermissions [none]
[debug] [2023-04-30T06:41:39.051Z] >>> [apiv2][(partial)header] POST https://cloudresourcemanager.googleapis.com/v1/projects/the-pitch-post:testIamPermissions x-goog-quota-user=projects/the-pitch-post
[debug] [2023-04-30T06:41:39.052Z] >>> [apiv2][body] POST https://cloudresourcemanager.googleapis.com/v1/projects/the-pitch-post:testIamPermissions {"permissions":["cloudfunctions.functions.create","cloudfunctions.functions.delete","cloudfunctions.functions.get","cloudfunctions.functions.list","cloudfunctions.functions.update","cloudfunctions.operations.get","firebase.projects.get"]}
[debug] [2023-04-30T06:41:39.771Z] <<< [apiv2][status] POST https://cloudresourcemanager.googleapis.com/v1/projects/the-pitch-post:testIamPermissions 200
[debug] [2023-04-30T06:41:39.774Z] <<< [apiv2][body] POST https://cloudresourcemanager.googleapis.com/v1/projects/the-pitch-post:testIamPermissions {"permissions":["cloudfunctions.functions.create","cloudfunctions.functions.delete","cloudfunctions.functions.get","cloudfunctions.functions.list","cloudfunctions.functions.update","cloudfunctions.operations.get","firebase.projects.get"]}
[debug] [2023-04-30T06:41:39.775Z] >>> [apiv2][query] POST https://iam.googleapis.com/v1/projects/the-pitch-post/serviceAccounts/the-pitch-post@appspot.gserviceaccount.com:testIamPermissions [none]
[debug] [2023-04-30T06:41:39.777Z] >>> [apiv2][body] POST https://iam.googleapis.com/v1/projects/the-pitch-post/serviceAccounts/the-pitch-post@appspot.gserviceaccount.com:testIamPermissions {"permissions":["iam.serviceAccounts.actAs"]}
[debug] [2023-04-30T06:41:40.472Z] <<< [apiv2][status] POST https://iam.googleapis.com/v1/projects/the-pitch-post/serviceAccounts/the-pitch-post@appspot.gserviceaccount.com:testIamPermissions 200
[debug] [2023-04-30T06:41:40.475Z] <<< [apiv2][body] POST https://iam.googleapis.com/v1/projects/the-pitch-post/serviceAccounts/the-pitch-post@appspot.gserviceaccount.com:testIamPermissions {"permissions":["iam.serviceAccounts.actAs"]}
[info] 
[info] === Deploying to 'the-pitch-post'...
[info] 
[info] i  deploying functions 
[debug] [2023-04-30T06:41:40.480Z] >>> [apiv2][query] GET https://firebase.googleapis.com/v1beta1/projects/the-pitch-post [none]
[debug] [2023-04-30T06:41:40.821Z] <<< [apiv2][status] GET https://firebase.googleapis.com/v1beta1/projects/the-pitch-post 200
[debug] [2023-04-30T06:41:40.823Z] <<< [apiv2][body] GET https://firebase.googleapis.com/v1beta1/projects/the-pitch-post {"projectId":"the-pitch-post","projectNumber":"981423300181","displayName":"the-pitch-post","name":"projects/the-pitch-post","resources":{"hostingSite":"the-pitch-post"},"state":"ACTIVE","etag":"1_6b6ae2cc-96f6-41ca-ac16-b03a89993fa3"}
[info] i  functions: ensuring required API cloudfunctions.googleapis.com is enabled... 
[info] i  functions: ensuring required API cloudbuild.googleapis.com is enabled... 
[info] i  artifactregistry: ensuring required API artifactregistry.googleapis.com is enabled... 
[debug] [2023-04-30T06:41:40.826Z] >>> [apiv2][query] GET https://serviceusage.googleapis.com/v1/projects/the-pitch-post/services/cloudfunctions.googleapis.com [none]
[debug] [2023-04-30T06:41:40.826Z] >>> [apiv2][(partial)header] GET https://serviceusage.googleapis.com/v1/projects/the-pitch-post/services/cloudfunctions.googleapis.com x-goog-quota-user=projects/the-pitch-post
[debug] [2023-04-30T06:41:40.835Z] >>> [apiv2][query] GET https://serviceusage.googleapis.com/v1/projects/the-pitch-post/services/runtimeconfig.googleapis.com [none]
[debug] [2023-04-30T06:41:40.837Z] >>> [apiv2][(partial)header] GET https://serviceusage.googleapis.com/v1/projects/the-pitch-post/services/runtimeconfig.googleapis.com x-goog-quota-user=projects/the-pitch-post
[debug] [2023-04-30T06:41:40.843Z] >>> [apiv2][query] GET https://serviceusage.googleapis.com/v1/projects/the-pitch-post/services/cloudbuild.googleapis.com [none]
[debug] [2023-04-30T06:41:40.846Z] >>> [apiv2][(partial)header] GET https://serviceusage.googleapis.com/v1/projects/the-pitch-post/services/cloudbuild.googleapis.com x-goog-quota-user=projects/the-pitch-post
[debug] [2023-04-30T06:41:40.850Z] >>> [apiv2][query] GET https://serviceusage.googleapis.com/v1/projects/the-pitch-post/services/artifactregistry.googleapis.com [none]
[debug] [2023-04-30T06:41:40.850Z] >>> [apiv2][(partial)header] GET https://serviceusage.googleapis.com/v1/projects/the-pitch-post/services/artifactregistry.googleapis.com x-goog-quota-user=projects/the-pitch-post
[debug] [2023-04-30T06:41:41.190Z] <<< [apiv2][status] GET https://serviceusage.googleapis.com/v1/projects/the-pitch-post/services/cloudbuild.googleapis.com 200
[debug] [2023-04-30T06:41:41.191Z] <<< [apiv2][body] GET https://serviceusage.googleapis.com/v1/projects/the-pitch-post/services/cloudbuild.googleapis.com [omitted]
[warn] ⚠  functions: missing required API cloudbuild.googleapis.com. Enabling now... 
[debug] [2023-04-30T06:41:41.194Z] >>> [apiv2][query] POST https://serviceusage.googleapis.com/v1/projects/the-pitch-post/services/cloudbuild.googleapis.com:enable [none]
[debug] [2023-04-30T06:41:41.194Z] >>> [apiv2][(partial)header] POST https://serviceusage.googleapis.com/v1/projects/the-pitch-post/services/cloudbuild.googleapis.com:enable x-goog-quota-user=projects/the-pitch-post
[debug] [2023-04-30T06:41:41.205Z] <<< [apiv2][status] GET https://serviceusage.googleapis.com/v1/projects/the-pitch-post/services/cloudfunctions.googleapis.com 200
[debug] [2023-04-30T06:41:41.205Z] <<< [apiv2][body] GET https://serviceusage.googleapis.com/v1/projects/the-pitch-post/services/cloudfunctions.googleapis.com [omitted]
[info] ✔  functions: required API cloudfunctions.googleapis.com is enabled 
[debug] [2023-04-30T06:41:41.892Z] <<< [apiv2][status] GET https://serviceusage.googleapis.com/v1/projects/the-pitch-post/services/artifactregistry.googleapis.com 200
[debug] [2023-04-30T06:41:41.893Z] <<< [apiv2][body] GET https://serviceusage.googleapis.com/v1/projects/the-pitch-post/services/artifactregistry.googleapis.com [omitted]
[warn] ⚠  artifactregistry: missing required API artifactregistry.googleapis.com. Enabling now... 
[debug] [2023-04-30T06:41:41.895Z] >>> [apiv2][query] POST https://serviceusage.googleapis.com/v1/projects/the-pitch-post/services/artifactregistry.googleapis.com:enable [none]
[debug] [2023-04-30T06:41:41.895Z] >>> [apiv2][(partial)header] POST https://serviceusage.googleapis.com/v1/projects/the-pitch-post/services/artifactregistry.googleapis.com:enable x-goog-quota-user=projects/the-pitch-post
[debug] [2023-04-30T06:41:41.909Z] <<< [apiv2][status] GET https://serviceusage.googleapis.com/v1/projects/the-pitch-post/services/runtimeconfig.googleapis.com 200
[debug] [2023-04-30T06:41:41.909Z] <<< [apiv2][body] GET https://serviceusage.googleapis.com/v1/projects/the-pitch-post/services/runtimeconfig.googleapis.com [omitted]
[debug] [2023-04-30T06:41:42.684Z] <<< [apiv2][status] POST https://serviceusage.googleapis.com/v1/projects/the-pitch-post/services/cloudbuild.googleapis.com:enable 200
[debug] [2023-04-30T06:41:42.685Z] <<< [apiv2][body] POST https://serviceusage.googleapis.com/v1/projects/the-pitch-post/services/cloudbuild.googleapis.com:enable [omitted]
[debug] [2023-04-30T06:41:43.235Z] <<< [apiv2][status] POST https://serviceusage.googleapis.com/v1/projects/the-pitch-post/services/artifactregistry.googleapis.com:enable 200
[debug] [2023-04-30T06:41:43.235Z] <<< [apiv2][body] POST https://serviceusage.googleapis.com/v1/projects/the-pitch-post/services/artifactregistry.googleapis.com:enable [omitted]
[debug] [2023-04-30T06:41:52.688Z] >>> [apiv2][query] GET https://serviceusage.googleapis.com/v1/projects/the-pitch-post/services/cloudbuild.googleapis.com [none]
[debug] [2023-04-30T06:41:52.689Z] >>> [apiv2][(partial)header] GET https://serviceusage.googleapis.com/v1/projects/the-pitch-post/services/cloudbuild.googleapis.com x-goog-quota-user=projects/the-pitch-post
[debug] [2023-04-30T06:41:53.238Z] >>> [apiv2][query] GET https://serviceusage.googleapis.com/v1/projects/the-pitch-post/services/artifactregistry.googleapis.com [none]
[debug] [2023-04-30T06:41:53.239Z] >>> [apiv2][(partial)header] GET https://serviceusage.googleapis.com/v1/projects/the-pitch-post/services/artifactregistry.googleapis.com x-goog-quota-user=projects/the-pitch-post
[debug] [2023-04-30T06:41:53.883Z] <<< [apiv2][status] GET https://serviceusage.googleapis.com/v1/projects/the-pitch-post/services/cloudbuild.googleapis.com 200
[debug] [2023-04-30T06:41:53.883Z] <<< [apiv2][body] GET https://serviceusage.googleapis.com/v1/projects/the-pitch-post/services/cloudbuild.googleapis.com [omitted]
[info] ✔  functions: required API cloudbuild.googleapis.com is enabled 
[debug] [2023-04-30T06:41:54.405Z] <<< [apiv2][status] GET https://serviceusage.googleapis.com/v1/projects/the-pitch-post/services/artifactregistry.googleapis.com 200
[debug] [2023-04-30T06:41:54.406Z] <<< [apiv2][body] GET https://serviceusage.googleapis.com/v1/projects/the-pitch-post/services/artifactregistry.googleapis.com [omitted]
[info] ✔  artifactregistry: required API artifactregistry.googleapis.com is enabled 
[debug] [2023-04-30T06:41:54.416Z] >>> [apiv2][query] GET https://firebase.googleapis.com/v1beta1/projects/the-pitch-post/adminSdkConfig [none]
[debug] [2023-04-30T06:41:54.745Z] <<< [apiv2][status] GET https://firebase.googleapis.com/v1beta1/projects/the-pitch-post/adminSdkConfig 200
[debug] [2023-04-30T06:41:54.745Z] <<< [apiv2][body] GET https://firebase.googleapis.com/v1beta1/projects/the-pitch-post/adminSdkConfig {"projectId":"the-pitch-post","storageBucket":"the-pitch-post.appspot.com"}
[debug] [2023-04-30T06:41:54.747Z] >>> [apiv2][query] GET https://runtimeconfig.googleapis.com/v1beta1/projects/the-pitch-post/configs [none]
[debug] [2023-04-30T06:41:55.228Z] <<< [apiv2][status] GET https://runtimeconfig.googleapis.com/v1beta1/projects/the-pitch-post/configs 200
[debug] [2023-04-30T06:41:55.229Z] <<< [apiv2][body] GET https://runtimeconfig.googleapis.com/v1beta1/projects/the-pitch-post/configs {}
[info] i  functions: preparing codebase default for deployment 
[debug] [2023-04-30T06:41:55.238Z] Validating nodejs source
[warn] ⚠  functions: package.json indicates an outdated version of firebase-functions. Please upgrade using npm install --save firebase-functions@latest in your functions directory. 
[warn] ⚠  functions: Please note that there will be breaking changes when you upgrade. 
[debug] [2023-04-30T06:41:57.846Z] > [functions] package.json contents: {
  "name": "functions",
  "description": "Cloud Functions for Firebase",
  "scripts": {
    "lint": "eslint .",
    "serve": "firebase emulators:start --only functions",
    "shell": "firebase functions:shell",
    "start": "npm run shell",
    "deploy": "firebase deploy --only functions",
    "logs": "firebase functions:log"
  },
  "engines": {
    "node": "16"
  },
  "main": "index.js",
  "dependencies": {
    "firebase-admin": "^10.0.2",
    "firebase-functions": "^3.18.0"
  },
  "devDependencies": {
    "eslint": "^8.9.0",
    "eslint-config-google": "^0.14.0",
    "firebase-functions-test": "^0.2.0"
  },
  "private": true
}
[debug] [2023-04-30T06:41:57.846Z] Building nodejs source
[debug] [2023-04-30T06:41:57.850Z] Could not find functions.yaml. Must use http discovery
[debug] [2023-04-30T06:41:58.487Z] Serving at port 9005

[debug] [2023-04-30T06:41:58.727Z] Got response from /__/functions.yaml {"endpoints":{"scrapeGoogle":{"platform":"gcfv1","httpsTrigger":{},"entryPoint":"scrapeGoogle"}},"specVersion":"v1alpha1","requiredAPIs":[]}
[debug] [2023-04-30T06:41:58.740Z] shutdown requested via /__/quitquitquit

[info] i  functions: preparing functions directory for uploading... 
[info] i  functions: packaged /Users/entaku/pitchNews/functions (39.18 KB) for uploading 
[debug] [2023-04-30T06:41:58.840Z] >>> [apiv2][query] GET https://cloudfunctions.googleapis.com/v1/projects/the-pitch-post/locations/-/functions [none]
[debug] [2023-04-30T06:42:00.009Z] <<< [apiv2][status] GET https://cloudfunctions.googleapis.com/v1/projects/the-pitch-post/locations/-/functions 200
[debug] [2023-04-30T06:42:00.010Z] <<< [apiv2][body] GET https://cloudfunctions.googleapis.com/v1/projects/the-pitch-post/locations/-/functions {}
[debug] [2023-04-30T06:42:00.013Z] >>> [apiv2][query] GET https://cloudfunctions.googleapis.com/v2/projects/the-pitch-post/locations/-/functions filter=environment%3D%22GEN_2%22
[debug] [2023-04-30T06:42:01.411Z] <<< [apiv2][status] GET https://cloudfunctions.googleapis.com/v2/projects/the-pitch-post/locations/-/functions 200
[debug] [2023-04-30T06:42:01.413Z] <<< [apiv2][body] GET https://cloudfunctions.googleapis.com/v2/projects/the-pitch-post/locations/-/functions {}
[debug] [2023-04-30T06:42:01.434Z] >>> [apiv2][query] GET https://firebase.googleapis.com/v1beta1/projects/the-pitch-post [none]
[debug] [2023-04-30T06:42:01.740Z] <<< [apiv2][status] GET https://firebase.googleapis.com/v1beta1/projects/the-pitch-post 200
[debug] [2023-04-30T06:42:01.740Z] <<< [apiv2][body] GET https://firebase.googleapis.com/v1beta1/projects/the-pitch-post {"projectId":"the-pitch-post","projectNumber":"981423300181","displayName":"the-pitch-post","name":"projects/the-pitch-post","resources":{"hostingSite":"the-pitch-post"},"state":"ACTIVE","etag":"1_6b6ae2cc-96f6-41ca-ac16-b03a89993fa3"}
[debug] [2023-04-30T06:42:01.744Z] [functions] found 1 new HTTP functions, testing setIamPolicy permission...
[debug] [2023-04-30T06:42:01.748Z] >>> [apiv2][query] POST https://cloudresourcemanager.googleapis.com/v1/projects/the-pitch-post:testIamPermissions [none]
[debug] [2023-04-30T06:42:01.748Z] >>> [apiv2][(partial)header] POST https://cloudresourcemanager.googleapis.com/v1/projects/the-pitch-post:testIamPermissions x-goog-quota-user=projects/the-pitch-post
[debug] [2023-04-30T06:42:01.748Z] >>> [apiv2][body] POST https://cloudresourcemanager.googleapis.com/v1/projects/the-pitch-post:testIamPermissions {"permissions":["cloudfunctions.functions.setIamPolicy"]}
[debug] [2023-04-30T06:42:02.381Z] <<< [apiv2][status] POST https://cloudresourcemanager.googleapis.com/v1/projects/the-pitch-post:testIamPermissions 200
[debug] [2023-04-30T06:42:02.381Z] <<< [apiv2][body] POST https://cloudresourcemanager.googleapis.com/v1/projects/the-pitch-post:testIamPermissions {"permissions":["cloudfunctions.functions.setIamPolicy"]}
[debug] [2023-04-30T06:42:02.382Z] [functions] found setIamPolicy permission, proceeding with deploy
[debug] [2023-04-30T06:42:02.385Z] >>> [apiv2][query] POST https://cloudfunctions.googleapis.com/v1/projects/the-pitch-post/locations/us-central1/functions:generateUploadUrl [none]
[debug] [2023-04-30T06:42:02.385Z] >>> [apiv2][body] POST https://cloudfunctions.googleapis.com/v1/projects/the-pitch-post/locations/us-central1/functions:generateUploadUrl {}
[debug] [2023-04-30T06:42:10.670Z] <<< [apiv2][status] POST https://cloudfunctions.googleapis.com/v1/projects/the-pitch-post/locations/us-central1/functions:generateUploadUrl 200
[debug] [2023-04-30T06:42:10.676Z] <<< [apiv2][body] POST https://cloudfunctions.googleapis.com/v1/projects/the-pitch-post/locations/us-central1/functions:generateUploadUrl {"uploadUrl":"https://storage.googleapis.com/uploads-62324098689.us-central1.cloudfunctions.appspot.com/68987eb2-966e-4444-9c9f-5e365c08de30.zip?GoogleAccessId=service-981423300181@gcf-admin-robot.iam.gserviceaccount.com&Expires=1682838730&Signature=B50Gr5Meu0aVGJaQGO8TJJ1gHqlHQwflh5PrqJ2%2B4F6ZCgXQq2p1Zv0F4BTuVC8DGmo58eO5dLs2kzh9YbRrAvFOSGFDaQhPOMF7yx3dEWCuqBUmYHLoNCsYW7dmVPk8aMPIwPITkmd%2B8LVqGnKZx2boIkSmM%2FkIklSZsro6030b4D3rWztpEo%2FO49kORfEKBgpzCKb1ofoyKwQlzFAhehJ4RwdWiwuq1Zp7lRtjpM0qfS6hzCQcUUphYy5saiRvcD64cPt8Kdr%2B%2B5hqWskL9qbeUp8hlmg2nxCtb3JqbEqDuqDl7G%2FDV0QGze2waI%2F40n5sh2%2Fb9wv%2F%2FRattB8LyA%3D%3D"}
[debug] [2023-04-30T06:42:10.681Z] >>> [apiv2][query] PUT https://storage.googleapis.com/uploads-62324098689.us-central1.cloudfunctions.appspot.com/68987eb2-966e-4444-9c9f-5e365c08de30.zip GoogleAccessId=service-981423300181%40gcf-admin-robot.iam.gserviceaccount.com&Expires=1682838730&Signature=B50Gr5Meu0aVGJaQGO8TJJ1gHqlHQwflh5PrqJ2%2B4F6ZCgXQq2p1Zv0F4BTuVC8DGmo58eO5dLs2kzh9YbRrAvFOSGFDaQhPOMF7yx3dEWCuqBUmYHLoNCsYW7dmVPk8aMPIwPITkmd%2B8LVqGnKZx2boIkSmM%2FkIklSZsro6030b4D3rWztpEo%2FO49kORfEKBgpzCKb1ofoyKwQlzFAhehJ4RwdWiwuq1Zp7lRtjpM0qfS6hzCQcUUphYy5saiRvcD64cPt8Kdr%2B%2B5hqWskL9qbeUp8hlmg2nxCtb3JqbEqDuqDl7G%2FDV0QGze2waI%2F40n5sh2%2Fb9wv%2F%2FRattB8LyA%3D%3D
[debug] [2023-04-30T06:42:10.682Z] >>> [apiv2][body] PUT https://storage.googleapis.com/uploads-62324098689.us-central1.cloudfunctions.appspot.com/68987eb2-966e-4444-9c9f-5e365c08de30.zip [stream]
[debug] [2023-04-30T06:42:11.081Z] <<< [apiv2][status] PUT https://storage.googleapis.com/uploads-62324098689.us-central1.cloudfunctions.appspot.com/68987eb2-966e-4444-9c9f-5e365c08de30.zip 200
[debug] [2023-04-30T06:42:11.082Z] <<< [apiv2][body] PUT https://storage.googleapis.com/uploads-62324098689.us-central1.cloudfunctions.appspot.com/68987eb2-966e-4444-9c9f-5e365c08de30.zip [omitted]
[info] ✔  functions: functions folder uploaded successfully 
[info] i  functions: creating Node.js 16 function scrapeGoogle(us-central1)... 
[debug] [2023-04-30T06:42:11.102Z] >>> [apiv2][query] POST https://cloudfunctions.googleapis.com/v1/projects/the-pitch-post/locations/us-central1/functions [none]
[debug] [2023-04-30T06:42:11.102Z] >>> [apiv2][body] POST https://cloudfunctions.googleapis.com/v1/projects/the-pitch-post/locations/us-central1/functions {"name":"projects/the-pitch-post/locations/us-central1/functions/scrapeGoogle","sourceUploadUrl":"https://storage.googleapis.com/uploads-62324098689.us-central1.cloudfunctions.appspot.com/68987eb2-966e-4444-9c9f-5e365c08de30.zip?GoogleAccessId=service-981423300181@gcf-admin-robot.iam.gserviceaccount.com&Expires=1682838730&Signature=B50Gr5Meu0aVGJaQGO8TJJ1gHqlHQwflh5PrqJ2%2B4F6ZCgXQq2p1Zv0F4BTuVC8DGmo58eO5dLs2kzh9YbRrAvFOSGFDaQhPOMF7yx3dEWCuqBUmYHLoNCsYW7dmVPk8aMPIwPITkmd%2B8LVqGnKZx2boIkSmM%2FkIklSZsro6030b4D3rWztpEo%2FO49kORfEKBgpzCKb1ofoyKwQlzFAhehJ4RwdWiwuq1Zp7lRtjpM0qfS6hzCQcUUphYy5saiRvcD64cPt8Kdr%2B%2B5hqWskL9qbeUp8hlmg2nxCtb3JqbEqDuqDl7G%2FDV0QGze2waI%2F40n5sh2%2Fb9wv%2F%2FRattB8LyA%3D%3D","entryPoint":"scrapeGoogle","runtime":"nodejs16","dockerRegistry":"ARTIFACT_REGISTRY","labels":{"deployment-tool":"cli-firebase","firebase-functions-hash":"cd34d9d9d1fca0ef2af230b4f650dd5169d6fb6b"},"httpsTrigger":{"securityLevel":"SECURE_ALWAYS"},"environmentVariables":{"FIREBASE_CONFIG":"{\"projectId\":\"the-pitch-post\",\"storageBucket\":\"the-pitch-post.appspot.com\"}","GCLOUD_PROJECT":"the-pitch-post"}}
[debug] [2023-04-30T06:42:12.151Z] <<< [apiv2][status] POST https://cloudfunctions.googleapis.com/v1/projects/the-pitch-post/locations/us-central1/functions 200
[debug] [2023-04-30T06:42:12.151Z] <<< [apiv2][body] POST https://cloudfunctions.googleapis.com/v1/projects/the-pitch-post/locations/us-central1/functions {"name":"operations/dGhlLXBpdGNoLXBvc3QvdXMtY2VudHJhbDEvc2NyYXBlR29vZ2xlL1U2Zzc5Wmd0MHNn","metadata":{"@type":"type.googleapis.com/google.cloud.functions.v1.OperationMetadataV1","target":"projects/the-pitch-post/locations/us-central1/functions/scrapeGoogle","type":"CREATE_FUNCTION","request":{"@type":"type.googleapis.com/google.cloud.functions.v1.CloudFunction","name":"projects/the-pitch-post/locations/us-central1/functions/scrapeGoogle","httpsTrigger":{"securityLevel":"SECURE_ALWAYS"},"entryPoint":"scrapeGoogle","labels":{"deployment-tool":"cli-firebase","firebase-functions-hash":"cd34d9d9d1fca0ef2af230b4f650dd5169d6fb6b"},"sourceUploadUrl":"https://storage.googleapis.com/uploads-62324098689.us-central1.cloudfunctions.appspot.com/68987eb2-966e-4444-9c9f-5e365c08de30.zip?GoogleAccessId=service-981423300181@gcf-admin-robot.iam.gserviceaccount.com&Expires=1682838730&Signature=B50Gr5Meu0aVGJaQGO8TJJ1gHqlHQwflh5PrqJ2%2B4F6ZCgXQq2p1Zv0F4BTuVC8DGmo58eO5dLs2kzh9YbRrAvFOSGFDaQhPOMF7yx3dEWCuqBUmYHLoNCsYW7dmVPk8aMPIwPITkmd%2B8LVqGnKZx2boIkSmM%2FkIklSZsro6030b4D3rWztpEo%2FO49kORfEKBgpzCKb1ofoyKwQlzFAhehJ4RwdWiwuq1Zp7lRtjpM0qfS6hzCQcUUphYy5saiRvcD64cPt8Kdr%2B%2B5hqWskL9qbeUp8hlmg2nxCtb3JqbEqDuqDl7G%2FDV0QGze2waI%2F40n5sh2%2Fb9wv%2F%2FRattB8LyA%3D%3D","environmentVariables":{"FIREBASE_CONFIG":"{\"projectId\":\"the-pitch-post\",\"storageBucket\":\"the-pitch-post.appspot.com\"}","GCLOUD_PROJECT":"the-pitch-post"},"runtime":"nodejs16","dockerRegistry":"ARTIFACT_REGISTRY"},"versionId":"1","updateTime":"2023-04-30T06:42:11Z"}}
[debug] [2023-04-30T06:42:12.155Z] >>> [apiv2][query] GET https://cloudfunctions.googleapis.com/v1/operations/dGhlLXBpdGNoLXBvc3QvdXMtY2VudHJhbDEvc2NyYXBlR29vZ2xlL1U2Zzc5Wmd0MHNn [none]
[debug] [2023-04-30T06:42:12.714Z] <<< [apiv2][status] GET https://cloudfunctions.googleapis.com/v1/operations/dGhlLXBpdGNoLXBvc3QvdXMtY2VudHJhbDEvc2NyYXBlR29vZ2xlL1U2Zzc5Wmd0MHNn 200
[debug] [2023-04-30T06:42:12.715Z] <<< [apiv2][body] GET https://cloudfunctions.googleapis.com/v1/operations/dGhlLXBpdGNoLXBvc3QvdXMtY2VudHJhbDEvc2NyYXBlR29vZ2xlL1U2Zzc5Wmd0MHNn {"name":"operations/dGhlLXBpdGNoLXBvc3QvdXMtY2VudHJhbDEvc2NyYXBlR29vZ2xlL1U2Zzc5Wmd0MHNn","metadata":{"@type":"type.googleapis.com/google.cloud.functions.v1.OperationMetadataV1","target":"projects/the-pitch-post/locations/us-central1/functions/scrapeGoogle","type":"CREATE_FUNCTION","request":{"@type":"type.googleapis.com/google.cloud.functions.v1.CloudFunction","name":"projects/the-pitch-post/locations/us-central1/functions/scrapeGoogle","httpsTrigger":{"securityLevel":"SECURE_ALWAYS"},"entryPoint":"scrapeGoogle","labels":{"deployment-tool":"cli-firebase","firebase-functions-hash":"cd34d9d9d1fca0ef2af230b4f650dd5169d6fb6b"},"sourceUploadUrl":"https://storage.googleapis.com/uploads-62324098689.us-central1.cloudfunctions.appspot.com/68987eb2-966e-4444-9c9f-5e365c08de30.zip?GoogleAccessId=service-981423300181@gcf-admin-robot.iam.gserviceaccount.com&Expires=1682838730&Signature=B50Gr5Meu0aVGJaQGO8TJJ1gHqlHQwflh5PrqJ2%2B4F6ZCgXQq2p1Zv0F4BTuVC8DGmo58eO5dLs2kzh9YbRrAvFOSGFDaQhPOMF7yx3dEWCuqBUmYHLoNCsYW7dmVPk8aMPIwPITkmd%2B8LVqGnKZx2boIkSmM%2FkIklSZsro6030b4D3rWztpEo%2FO49kORfEKBgpzCKb1ofoyKwQlzFAhehJ4RwdWiwuq1Zp7lRtjpM0qfS6hzCQcUUphYy5saiRvcD64cPt8Kdr%2B%2B5hqWskL9qbeUp8hlmg2nxCtb3JqbEqDuqDl7G%2FDV0QGze2waI%2F40n5sh2%2Fb9wv%2F%2FRattB8LyA%3D%3D","environmentVariables":{"FIREBASE_CONFIG":"{\"projectId\":\"the-pitch-post\",\"storageBucket\":\"the-pitch-post.appspot.com\"}","GCLOUD_PROJECT":"the-pitch-post"},"runtime":"nodejs16","dockerRegistry":"ARTIFACT_REGISTRY"},"versionId":"1","updateTime":"2023-04-30T06:42:12Z"}}
[debug] [2023-04-30T06:42:13.219Z] [create-default-us-central1-scrapeGoogle] Retrying task index 0
[debug] [2023-04-30T06:42:13.221Z] >>> [apiv2][query] GET https://cloudfunctions.googleapis.com/v1/operations/dGhlLXBpdGNoLXBvc3QvdXMtY2VudHJhbDEvc2NyYXBlR29vZ2xlL1U2Zzc5Wmd0MHNn [none]
[debug] [2023-04-30T06:42:13.783Z] <<< [apiv2][status] GET https://cloudfunctions.googleapis.com/v1/operations/dGhlLXBpdGNoLXBvc3QvdXMtY2VudHJhbDEvc2NyYXBlR29vZ2xlL1U2Zzc5Wmd0MHNn 200
[debug] [2023-04-30T06:42:13.784Z] <<< [apiv2][body] GET https://cloudfunctions.googleapis.com/v1/operations/dGhlLXBpdGNoLXBvc3QvdXMtY2VudHJhbDEvc2NyYXBlR29vZ2xlL1U2Zzc5Wmd0MHNn {"name":"operations/dGhlLXBpdGNoLXBvc3QvdXMtY2VudHJhbDEvc2NyYXBlR29vZ2xlL1U2Zzc5Wmd0MHNn","metadata":{"@type":"type.googleapis.com/google.cloud.functions.v1.OperationMetadataV1","target":"projects/the-pitch-post/locations/us-central1/functions/scrapeGoogle","type":"CREATE_FUNCTION","request":{"@type":"type.googleapis.com/google.cloud.functions.v1.CloudFunction","name":"projects/the-pitch-post/locations/us-central1/functions/scrapeGoogle","httpsTrigger":{"securityLevel":"SECURE_ALWAYS"},"entryPoint":"scrapeGoogle","labels":{"deployment-tool":"cli-firebase","firebase-functions-hash":"cd34d9d9d1fca0ef2af230b4f650dd5169d6fb6b"},"sourceUploadUrl":"https://storage.googleapis.com/uploads-62324098689.us-central1.cloudfunctions.appspot.com/68987eb2-966e-4444-9c9f-5e365c08de30.zip?GoogleAccessId=service-981423300181@gcf-admin-robot.iam.gserviceaccount.com&Expires=1682838730&Signature=B50Gr5Meu0aVGJaQGO8TJJ1gHqlHQwflh5PrqJ2%2B4F6ZCgXQq2p1Zv0F4BTuVC8DGmo58eO5dLs2kzh9YbRrAvFOSGFDaQhPOMF7yx3dEWCuqBUmYHLoNCsYW7dmVPk8aMPIwPITkmd%2B8LVqGnKZx2boIkSmM%2FkIklSZsro6030b4D3rWztpEo%2FO49kORfEKBgpzCKb1ofoyKwQlzFAhehJ4RwdWiwuq1Zp7lRtjpM0qfS6hzCQcUUphYy5saiRvcD64cPt8Kdr%2B%2B5hqWskL9qbeUp8hlmg2nxCtb3JqbEqDuqDl7G%2FDV0QGze2waI%2F40n5sh2%2Fb9wv%2F%2FRattB8LyA%3D%3D","environmentVariables":{"FIREBASE_CONFIG":"{\"projectId\":\"the-pitch-post\",\"storageBucket\":\"the-pitch-post.appspot.com\"}","GCLOUD_PROJECT":"the-pitch-post"},"runtime":"nodejs16","dockerRegistry":"ARTIFACT_REGISTRY"},"versionId":"1","updateTime":"2023-04-30T06:42:12Z"}}
[debug] [2023-04-30T06:42:14.787Z] [create-default-us-central1-scrapeGoogle] Retrying task index 0
[debug] [2023-04-30T06:42:14.795Z] >>> [apiv2][query] GET https://cloudfunctions.googleapis.com/v1/operations/dGhlLXBpdGNoLXBvc3QvdXMtY2VudHJhbDEvc2NyYXBlR29vZ2xlL1U2Zzc5Wmd0MHNn [none]
[debug] [2023-04-30T06:42:15.381Z] <<< [apiv2][status] GET https://cloudfunctions.googleapis.com/v1/operations/dGhlLXBpdGNoLXBvc3QvdXMtY2VudHJhbDEvc2NyYXBlR29vZ2xlL1U2Zzc5Wmd0MHNn 200
[debug] [2023-04-30T06:42:15.382Z] <<< [apiv2][body] GET https://cloudfunctions.googleapis.com/v1/operations/dGhlLXBpdGNoLXBvc3QvdXMtY2VudHJhbDEvc2NyYXBlR29vZ2xlL1U2Zzc5Wmd0MHNn {"name":"operations/dGhlLXBpdGNoLXBvc3QvdXMtY2VudHJhbDEvc2NyYXBlR29vZ2xlL1U2Zzc5Wmd0MHNn","metadata":{"@type":"type.googleapis.com/google.cloud.functions.v1.OperationMetadataV1","target":"projects/the-pitch-post/locations/us-central1/functions/scrapeGoogle","type":"CREATE_FUNCTION","request":{"@type":"type.googleapis.com/google.cloud.functions.v1.CloudFunction","name":"projects/the-pitch-post/locations/us-central1/functions/scrapeGoogle","httpsTrigger":{"securityLevel":"SECURE_ALWAYS"},"entryPoint":"scrapeGoogle","labels":{"deployment-tool":"cli-firebase","firebase-functions-hash":"cd34d9d9d1fca0ef2af230b4f650dd5169d6fb6b"},"sourceUploadUrl":"https://storage.googleapis.com/uploads-62324098689.us-central1.cloudfunctions.appspot.com/68987eb2-966e-4444-9c9f-5e365c08de30.zip?GoogleAccessId=service-981423300181@gcf-admin-robot.iam.gserviceaccount.com&Expires=1682838730&Signature=B50Gr5Meu0aVGJaQGO8TJJ1gHqlHQwflh5PrqJ2%2B4F6ZCgXQq2p1Zv0F4BTuVC8DGmo58eO5dLs2kzh9YbRrAvFOSGFDaQhPOMF7yx3dEWCuqBUmYHLoNCsYW7dmVPk8aMPIwPITkmd%2B8LVqGnKZx2boIkSmM%2FkIklSZsro6030b4D3rWztpEo%2FO49kORfEKBgpzCKb1ofoyKwQlzFAhehJ4RwdWiwuq1Zp7lRtjpM0qfS6hzCQcUUphYy5saiRvcD64cPt8Kdr%2B%2B5hqWskL9qbeUp8hlmg2nxCtb3JqbEqDuqDl7G%2FDV0QGze2waI%2F40n5sh2%2Fb9wv%2F%2FRattB8LyA%3D%3D","environmentVariables":{"FIREBASE_CONFIG":"{\"projectId\":\"the-pitch-post\",\"storageBucket\":\"the-pitch-post.appspot.com\"}","GCLOUD_PROJECT":"the-pitch-post"},"runtime":"nodejs16","dockerRegistry":"ARTIFACT_REGISTRY"},"versionId":"1","updateTime":"2023-04-30T06:42:12Z"}}
[debug] [2023-04-30T06:42:17.384Z] [create-default-us-central1-scrapeGoogle] Retrying task index 0
[debug] [2023-04-30T06:42:17.389Z] >>> [apiv2][query] GET https://cloudfunctions.googleapis.com/v1/operations/dGhlLXBpdGNoLXBvc3QvdXMtY2VudHJhbDEvc2NyYXBlR29vZ2xlL1U2Zzc5Wmd0MHNn [none]
[debug] [2023-04-30T06:42:17.944Z] <<< [apiv2][status] GET https://cloudfunctions.googleapis.com/v1/operations/dGhlLXBpdGNoLXBvc3QvdXMtY2VudHJhbDEvc2NyYXBlR29vZ2xlL1U2Zzc5Wmd0MHNn 200
[debug] [2023-04-30T06:42:17.945Z] <<< [apiv2][body] GET https://cloudfunctions.googleapis.com/v1/operations/dGhlLXBpdGNoLXBvc3QvdXMtY2VudHJhbDEvc2NyYXBlR29vZ2xlL1U2Zzc5Wmd0MHNn {"name":"operations/dGhlLXBpdGNoLXBvc3QvdXMtY2VudHJhbDEvc2NyYXBlR29vZ2xlL1U2Zzc5Wmd0MHNn","metadata":{"@type":"type.googleapis.com/google.cloud.functions.v1.OperationMetadataV1","target":"projects/the-pitch-post/locations/us-central1/functions/scrapeGoogle","type":"CREATE_FUNCTION","request":{"@type":"type.googleapis.com/google.cloud.functions.v1.CloudFunction","name":"projects/the-pitch-post/locations/us-central1/functions/scrapeGoogle","httpsTrigger":{"securityLevel":"SECURE_ALWAYS"},"entryPoint":"scrapeGoogle","labels":{"deployment-tool":"cli-firebase","firebase-functions-hash":"cd34d9d9d1fca0ef2af230b4f650dd5169d6fb6b"},"sourceUploadUrl":"https://storage.googleapis.com/uploads-62324098689.us-central1.cloudfunctions.appspot.com/68987eb2-966e-4444-9c9f-5e365c08de30.zip?GoogleAccessId=service-981423300181@gcf-admin-robot.iam.gserviceaccount.com&Expires=1682838730&Signature=B50Gr5Meu0aVGJaQGO8TJJ1gHqlHQwflh5PrqJ2%2B4F6ZCgXQq2p1Zv0F4BTuVC8DGmo58eO5dLs2kzh9YbRrAvFOSGFDaQhPOMF7yx3dEWCuqBUmYHLoNCsYW7dmVPk8aMPIwPITkmd%2B8LVqGnKZx2boIkSmM%2FkIklSZsro6030b4D3rWztpEo%2FO49kORfEKBgpzCKb1ofoyKwQlzFAhehJ4RwdWiwuq1Zp7lRtjpM0qfS6hzCQcUUphYy5saiRvcD64cPt8Kdr%2B%2B5hqWskL9qbeUp8hlmg2nxCtb3JqbEqDuqDl7G%2FDV0QGze2waI%2F40n5sh2%2Fb9wv%2F%2FRattB8LyA%3D%3D","environmentVariables":{"FIREBASE_CONFIG":"{\"projectId\":\"the-pitch-post\",\"storageBucket\":\"the-pitch-post.appspot.com\"}","GCLOUD_PROJECT":"the-pitch-post"},"runtime":"nodejs16","dockerRegistry":"ARTIFACT_REGISTRY"},"versionId":"1","updateTime":"2023-04-30T06:42:12Z"}}
[debug] [2023-04-30T06:42:21.947Z] [create-default-us-central1-scrapeGoogle] Retrying task index 0
[debug] [2023-04-30T06:42:21.949Z] >>> [apiv2][query] GET https://cloudfunctions.googleapis.com/v1/operations/dGhlLXBpdGNoLXBvc3QvdXMtY2VudHJhbDEvc2NyYXBlR29vZ2xlL1U2Zzc5Wmd0MHNn [none]
[debug] [2023-04-30T06:42:22.547Z] <<< [apiv2][status] GET https://cloudfunctions.googleapis.com/v1/operations/dGhlLXBpdGNoLXBvc3QvdXMtY2VudHJhbDEvc2NyYXBlR29vZ2xlL1U2Zzc5Wmd0MHNn 200
[debug] [2023-04-30T06:42:22.547Z] <<< [apiv2][body] GET https://cloudfunctions.googleapis.com/v1/operations/dGhlLXBpdGNoLXBvc3QvdXMtY2VudHJhbDEvc2NyYXBlR29vZ2xlL1U2Zzc5Wmd0MHNn {"name":"operations/dGhlLXBpdGNoLXBvc3QvdXMtY2VudHJhbDEvc2NyYXBlR29vZ2xlL1U2Zzc5Wmd0MHNn","metadata":{"@type":"type.googleapis.com/google.cloud.functions.v1.OperationMetadataV1","target":"projects/the-pitch-post/locations/us-central1/functions/scrapeGoogle","type":"CREATE_FUNCTION","request":{"@type":"type.googleapis.com/google.cloud.functions.v1.CloudFunction","name":"projects/the-pitch-post/locations/us-central1/functions/scrapeGoogle","httpsTrigger":{"securityLevel":"SECURE_ALWAYS"},"entryPoint":"scrapeGoogle","labels":{"deployment-tool":"cli-firebase","firebase-functions-hash":"cd34d9d9d1fca0ef2af230b4f650dd5169d6fb6b"},"sourceUploadUrl":"https://storage.googleapis.com/uploads-62324098689.us-central1.cloudfunctions.appspot.com/68987eb2-966e-4444-9c9f-5e365c08de30.zip?GoogleAccessId=service-981423300181@gcf-admin-robot.iam.gserviceaccount.com&Expires=1682838730&Signature=B50Gr5Meu0aVGJaQGO8TJJ1gHqlHQwflh5PrqJ2%2B4F6ZCgXQq2p1Zv0F4BTuVC8DGmo58eO5dLs2kzh9YbRrAvFOSGFDaQhPOMF7yx3dEWCuqBUmYHLoNCsYW7dmVPk8aMPIwPITkmd%2B8LVqGnKZx2boIkSmM%2FkIklSZsro6030b4D3rWztpEo%2FO49kORfEKBgpzCKb1ofoyKwQlzFAhehJ4RwdWiwuq1Zp7lRtjpM0qfS6hzCQcUUphYy5saiRvcD64cPt8Kdr%2B%2B5hqWskL9qbeUp8hlmg2nxCtb3JqbEqDuqDl7G%2FDV0QGze2waI%2F40n5sh2%2Fb9wv%2F%2FRattB8LyA%3D%3D","environmentVariables":{"FIREBASE_CONFIG":"{\"projectId\":\"the-pitch-post\",\"storageBucket\":\"the-pitch-post.appspot.com\"}","GCLOUD_PROJECT":"the-pitch-post"},"runtime":"nodejs16","dockerRegistry":"ARTIFACT_REGISTRY"},"versionId":"1","updateTime":"2023-04-30T06:42:12Z"}}
[debug] [2023-04-30T06:42:30.551Z] [create-default-us-central1-scrapeGoogle] Retrying task index 0
[debug] [2023-04-30T06:42:30.557Z] >>> [apiv2][query] GET https://cloudfunctions.googleapis.com/v1/operations/dGhlLXBpdGNoLXBvc3QvdXMtY2VudHJhbDEvc2NyYXBlR29vZ2xlL1U2Zzc5Wmd0MHNn [none]
[debug] [2023-04-30T06:42:31.117Z] <<< [apiv2][status] GET https://cloudfunctions.googleapis.com/v1/operations/dGhlLXBpdGNoLXBvc3QvdXMtY2VudHJhbDEvc2NyYXBlR29vZ2xlL1U2Zzc5Wmd0MHNn 200
[debug] [2023-04-30T06:42:31.118Z] <<< [apiv2][body] GET https://cloudfunctions.googleapis.com/v1/operations/dGhlLXBpdGNoLXBvc3QvdXMtY2VudHJhbDEvc2NyYXBlR29vZ2xlL1U2Zzc5Wmd0MHNn {"name":"operations/dGhlLXBpdGNoLXBvc3QvdXMtY2VudHJhbDEvc2NyYXBlR29vZ2xlL1U2Zzc5Wmd0MHNn","metadata":{"@type":"type.googleapis.com/google.cloud.functions.v1.OperationMetadataV1","target":"projects/the-pitch-post/locations/us-central1/functions/scrapeGoogle","type":"CREATE_FUNCTION","request":{"@type":"type.googleapis.com/google.cloud.functions.v1.CloudFunction","name":"projects/the-pitch-post/locations/us-central1/functions/scrapeGoogle","httpsTrigger":{"securityLevel":"SECURE_ALWAYS"},"entryPoint":"scrapeGoogle","labels":{"deployment-tool":"cli-firebase","firebase-functions-hash":"cd34d9d9d1fca0ef2af230b4f650dd5169d6fb6b"},"sourceUploadUrl":"https://storage.googleapis.com/uploads-62324098689.us-central1.cloudfunctions.appspot.com/68987eb2-966e-4444-9c9f-5e365c08de30.zip?GoogleAccessId=service-981423300181@gcf-admin-robot.iam.gserviceaccount.com&Expires=1682838730&Signature=B50Gr5Meu0aVGJaQGO8TJJ1gHqlHQwflh5PrqJ2%2B4F6ZCgXQq2p1Zv0F4BTuVC8DGmo58eO5dLs2kzh9YbRrAvFOSGFDaQhPOMF7yx3dEWCuqBUmYHLoNCsYW7dmVPk8aMPIwPITkmd%2B8LVqGnKZx2boIkSmM%2FkIklSZsro6030b4D3rWztpEo%2FO49kORfEKBgpzCKb1ofoyKwQlzFAhehJ4RwdWiwuq1Zp7lRtjpM0qfS6hzCQcUUphYy5saiRvcD64cPt8Kdr%2B%2B5hqWskL9qbeUp8hlmg2nxCtb3JqbEqDuqDl7G%2FDV0QGze2waI%2F40n5sh2%2Fb9wv%2F%2FRattB8LyA%3D%3D","environmentVariables":{"FIREBASE_CONFIG":"{\"projectId\":\"the-pitch-post\",\"storageBucket\":\"the-pitch-post.appspot.com\"}","GCLOUD_PROJECT":"the-pitch-post"},"runtime":"nodejs16","dockerRegistry":"ARTIFACT_REGISTRY"},"versionId":"1","updateTime":"2023-04-30T06:42:12Z","buildId":"799f41bc-fb8f-449c-8223-5fd16193e6f9","buildName":"projects/981423300181/locations/us-central1/builds/799f41bc-fb8f-449c-8223-5fd16193e6f9"}}
[debug] [2023-04-30T06:42:41.121Z] [create-default-us-central1-scrapeGoogle] Retrying task index 0
[debug] [2023-04-30T06:42:41.123Z] >>> [apiv2][query] GET https://cloudfunctions.googleapis.com/v1/operations/dGhlLXBpdGNoLXBvc3QvdXMtY2VudHJhbDEvc2NyYXBlR29vZ2xlL1U2Zzc5Wmd0MHNn [none]
[debug] [2023-04-30T06:42:41.657Z] <<< [apiv2][status] GET https://cloudfunctions.googleapis.com/v1/operations/dGhlLXBpdGNoLXBvc3QvdXMtY2VudHJhbDEvc2NyYXBlR29vZ2xlL1U2Zzc5Wmd0MHNn 200
[debug] [2023-04-30T06:42:41.658Z] <<< [apiv2][body] GET https://cloudfunctions.googleapis.com/v1/operations/dGhlLXBpdGNoLXBvc3QvdXMtY2VudHJhbDEvc2NyYXBlR29vZ2xlL1U2Zzc5Wmd0MHNn {"name":"operations/dGhlLXBpdGNoLXBvc3QvdXMtY2VudHJhbDEvc2NyYXBlR29vZ2xlL1U2Zzc5Wmd0MHNn","metadata":{"@type":"type.googleapis.com/google.cloud.functions.v1.OperationMetadataV1","target":"projects/the-pitch-post/locations/us-central1/functions/scrapeGoogle","type":"CREATE_FUNCTION","request":{"@type":"type.googleapis.com/google.cloud.functions.v1.CloudFunction","name":"projects/the-pitch-post/locations/us-central1/functions/scrapeGoogle","httpsTrigger":{"securityLevel":"SECURE_ALWAYS"},"entryPoint":"scrapeGoogle","labels":{"deployment-tool":"cli-firebase","firebase-functions-hash":"cd34d9d9d1fca0ef2af230b4f650dd5169d6fb6b"},"sourceUploadUrl":"https://storage.googleapis.com/uploads-62324098689.us-central1.cloudfunctions.appspot.com/68987eb2-966e-4444-9c9f-5e365c08de30.zip?GoogleAccessId=service-981423300181@gcf-admin-robot.iam.gserviceaccount.com&Expires=1682838730&Signature=B50Gr5Meu0aVGJaQGO8TJJ1gHqlHQwflh5PrqJ2%2B4F6ZCgXQq2p1Zv0F4BTuVC8DGmo58eO5dLs2kzh9YbRrAvFOSGFDaQhPOMF7yx3dEWCuqBUmYHLoNCsYW7dmVPk8aMPIwPITkmd%2B8LVqGnKZx2boIkSmM%2FkIklSZsro6030b4D3rWztpEo%2FO49kORfEKBgpzCKb1ofoyKwQlzFAhehJ4RwdWiwuq1Zp7lRtjpM0qfS6hzCQcUUphYy5saiRvcD64cPt8Kdr%2B%2B5hqWskL9qbeUp8hlmg2nxCtb3JqbEqDuqDl7G%2FDV0QGze2waI%2F40n5sh2%2Fb9wv%2F%2FRattB8LyA%3D%3D","environmentVariables":{"FIREBASE_CONFIG":"{\"projectId\":\"the-pitch-post\",\"storageBucket\":\"the-pitch-post.appspot.com\"}","GCLOUD_PROJECT":"the-pitch-post"},"runtime":"nodejs16","dockerRegistry":"ARTIFACT_REGISTRY"},"versionId":"1","updateTime":"2023-04-30T06:42:12Z","buildId":"799f41bc-fb8f-449c-8223-5fd16193e6f9","buildName":"projects/981423300181/locations/us-central1/builds/799f41bc-fb8f-449c-8223-5fd16193e6f9"}}
[debug] [2023-04-30T06:42:51.662Z] [create-default-us-central1-scrapeGoogle] Retrying task index 0
[debug] [2023-04-30T06:42:51.666Z] >>> [apiv2][query] GET https://cloudfunctions.googleapis.com/v1/operations/dGhlLXBpdGNoLXBvc3QvdXMtY2VudHJhbDEvc2NyYXBlR29vZ2xlL1U2Zzc5Wmd0MHNn [none]
[debug] [2023-04-30T06:42:52.180Z] <<< [apiv2][status] GET https://cloudfunctions.googleapis.com/v1/operations/dGhlLXBpdGNoLXBvc3QvdXMtY2VudHJhbDEvc2NyYXBlR29vZ2xlL1U2Zzc5Wmd0MHNn 200
[debug] [2023-04-30T06:42:52.181Z] <<< [apiv2][body] GET https://cloudfunctions.googleapis.com/v1/operations/dGhlLXBpdGNoLXBvc3QvdXMtY2VudHJhbDEvc2NyYXBlR29vZ2xlL1U2Zzc5Wmd0MHNn {"name":"operations/dGhlLXBpdGNoLXBvc3QvdXMtY2VudHJhbDEvc2NyYXBlR29vZ2xlL1U2Zzc5Wmd0MHNn","metadata":{"@type":"type.googleapis.com/google.cloud.functions.v1.OperationMetadataV1","target":"projects/the-pitch-post/locations/us-central1/functions/scrapeGoogle","type":"CREATE_FUNCTION","request":{"@type":"type.googleapis.com/google.cloud.functions.v1.CloudFunction","name":"projects/the-pitch-post/locations/us-central1/functions/scrapeGoogle","httpsTrigger":{"securityLevel":"SECURE_ALWAYS"},"entryPoint":"scrapeGoogle","labels":{"deployment-tool":"cli-firebase","firebase-functions-hash":"cd34d9d9d1fca0ef2af230b4f650dd5169d6fb6b"},"sourceUploadUrl":"https://storage.googleapis.com/uploads-62324098689.us-central1.cloudfunctions.appspot.com/68987eb2-966e-4444-9c9f-5e365c08de30.zip?GoogleAccessId=service-981423300181@gcf-admin-robot.iam.gserviceaccount.com&Expires=1682838730&Signature=B50Gr5Meu0aVGJaQGO8TJJ1gHqlHQwflh5PrqJ2%2B4F6ZCgXQq2p1Zv0F4BTuVC8DGmo58eO5dLs2kzh9YbRrAvFOSGFDaQhPOMF7yx3dEWCuqBUmYHLoNCsYW7dmVPk8aMPIwPITkmd%2B8LVqGnKZx2boIkSmM%2FkIklSZsro6030b4D3rWztpEo%2FO49kORfEKBgpzCKb1ofoyKwQlzFAhehJ4RwdWiwuq1Zp7lRtjpM0qfS6hzCQcUUphYy5saiRvcD64cPt8Kdr%2B%2B5hqWskL9qbeUp8hlmg2nxCtb3JqbEqDuqDl7G%2FDV0QGze2waI%2F40n5sh2%2Fb9wv%2F%2FRattB8LyA%3D%3D","environmentVariables":{"FIREBASE_CONFIG":"{\"projectId\":\"the-pitch-post\",\"storageBucket\":\"the-pitch-post.appspot.com\"}","GCLOUD_PROJECT":"the-pitch-post"},"runtime":"nodejs16","dockerRegistry":"ARTIFACT_REGISTRY"},"versionId":"1","updateTime":"2023-04-30T06:42:12Z","buildId":"799f41bc-fb8f-449c-8223-5fd16193e6f9","buildName":"projects/981423300181/locations/us-central1/builds/799f41bc-fb8f-449c-8223-5fd16193e6f9"}}
[debug] [2023-04-30T06:43:02.182Z] [create-default-us-central1-scrapeGoogle] Retrying task index 0
[debug] [2023-04-30T06:43:02.183Z] >>> [apiv2][query] GET https://cloudfunctions.googleapis.com/v1/operations/dGhlLXBpdGNoLXBvc3QvdXMtY2VudHJhbDEvc2NyYXBlR29vZ2xlL1U2Zzc5Wmd0MHNn [none]
[debug] [2023-04-30T06:43:02.789Z] <<< [apiv2][status] GET https://cloudfunctions.googleapis.com/v1/operations/dGhlLXBpdGNoLXBvc3QvdXMtY2VudHJhbDEvc2NyYXBlR29vZ2xlL1U2Zzc5Wmd0MHNn 200
[debug] [2023-04-30T06:43:02.789Z] <<< [apiv2][body] GET https://cloudfunctions.googleapis.com/v1/operations/dGhlLXBpdGNoLXBvc3QvdXMtY2VudHJhbDEvc2NyYXBlR29vZ2xlL1U2Zzc5Wmd0MHNn {"name":"operations/dGhlLXBpdGNoLXBvc3QvdXMtY2VudHJhbDEvc2NyYXBlR29vZ2xlL1U2Zzc5Wmd0MHNn","metadata":{"@type":"type.googleapis.com/google.cloud.functions.v1.OperationMetadataV1","target":"projects/the-pitch-post/locations/us-central1/functions/scrapeGoogle","type":"CREATE_FUNCTION","request":{"@type":"type.googleapis.com/google.cloud.functions.v1.CloudFunction","name":"projects/the-pitch-post/locations/us-central1/functions/scrapeGoogle","httpsTrigger":{"securityLevel":"SECURE_ALWAYS"},"entryPoint":"scrapeGoogle","labels":{"deployment-tool":"cli-firebase","firebase-functions-hash":"cd34d9d9d1fca0ef2af230b4f650dd5169d6fb6b"},"sourceUploadUrl":"https://storage.googleapis.com/uploads-62324098689.us-central1.cloudfunctions.appspot.com/68987eb2-966e-4444-9c9f-5e365c08de30.zip?GoogleAccessId=service-981423300181@gcf-admin-robot.iam.gserviceaccount.com&Expires=1682838730&Signature=B50Gr5Meu0aVGJaQGO8TJJ1gHqlHQwflh5PrqJ2%2B4F6ZCgXQq2p1Zv0F4BTuVC8DGmo58eO5dLs2kzh9YbRrAvFOSGFDaQhPOMF7yx3dEWCuqBUmYHLoNCsYW7dmVPk8aMPIwPITkmd%2B8LVqGnKZx2boIkSmM%2FkIklSZsro6030b4D3rWztpEo%2FO49kORfEKBgpzCKb1ofoyKwQlzFAhehJ4RwdWiwuq1Zp7lRtjpM0qfS6hzCQcUUphYy5saiRvcD64cPt8Kdr%2B%2B5hqWskL9qbeUp8hlmg2nxCtb3JqbEqDuqDl7G%2FDV0QGze2waI%2F40n5sh2%2Fb9wv%2F%2FRattB8LyA%3D%3D","environmentVariables":{"FIREBASE_CONFIG":"{\"projectId\":\"the-pitch-post\",\"storageBucket\":\"the-pitch-post.appspot.com\"}","GCLOUD_PROJECT":"the-pitch-post"},"runtime":"nodejs16","dockerRegistry":"ARTIFACT_REGISTRY"},"versionId":"1","updateTime":"2023-04-30T06:42:12Z","buildId":"799f41bc-fb8f-449c-8223-5fd16193e6f9","buildName":"projects/981423300181/locations/us-central1/builds/799f41bc-fb8f-449c-8223-5fd16193e6f9"}}
[debug] [2023-04-30T06:43:12.790Z] [create-default-us-central1-scrapeGoogle] Retrying task index 0
[debug] [2023-04-30T06:43:12.793Z] >>> [apiv2][query] GET https://cloudfunctions.googleapis.com/v1/operations/dGhlLXBpdGNoLXBvc3QvdXMtY2VudHJhbDEvc2NyYXBlR29vZ2xlL1U2Zzc5Wmd0MHNn [none]
[debug] [2023-04-30T06:43:13.287Z] <<< [apiv2][status] GET https://cloudfunctions.googleapis.com/v1/operations/dGhlLXBpdGNoLXBvc3QvdXMtY2VudHJhbDEvc2NyYXBlR29vZ2xlL1U2Zzc5Wmd0MHNn 200
[debug] [2023-04-30T06:43:13.287Z] <<< [apiv2][body] GET https://cloudfunctions.googleapis.com/v1/operations/dGhlLXBpdGNoLXBvc3QvdXMtY2VudHJhbDEvc2NyYXBlR29vZ2xlL1U2Zzc5Wmd0MHNn {"name":"operations/dGhlLXBpdGNoLXBvc3QvdXMtY2VudHJhbDEvc2NyYXBlR29vZ2xlL1U2Zzc5Wmd0MHNn","metadata":{"@type":"type.googleapis.com/google.cloud.functions.v1.OperationMetadataV1","target":"projects/the-pitch-post/locations/us-central1/functions/scrapeGoogle","type":"CREATE_FUNCTION","request":{"@type":"type.googleapis.com/google.cloud.functions.v1.CloudFunction","name":"projects/the-pitch-post/locations/us-central1/functions/scrapeGoogle","httpsTrigger":{"securityLevel":"SECURE_ALWAYS"},"entryPoint":"scrapeGoogle","labels":{"deployment-tool":"cli-firebase","firebase-functions-hash":"cd34d9d9d1fca0ef2af230b4f650dd5169d6fb6b"},"sourceUploadUrl":"https://storage.googleapis.com/uploads-62324098689.us-central1.cloudfunctions.appspot.com/68987eb2-966e-4444-9c9f-5e365c08de30.zip?GoogleAccessId=service-981423300181@gcf-admin-robot.iam.gserviceaccount.com&Expires=1682838730&Signature=B50Gr5Meu0aVGJaQGO8TJJ1gHqlHQwflh5PrqJ2%2B4F6ZCgXQq2p1Zv0F4BTuVC8DGmo58eO5dLs2kzh9YbRrAvFOSGFDaQhPOMF7yx3dEWCuqBUmYHLoNCsYW7dmVPk8aMPIwPITkmd%2B8LVqGnKZx2boIkSmM%2FkIklSZsro6030b4D3rWztpEo%2FO49kORfEKBgpzCKb1ofoyKwQlzFAhehJ4RwdWiwuq1Zp7lRtjpM0qfS6hzCQcUUphYy5saiRvcD64cPt8Kdr%2B%2B5hqWskL9qbeUp8hlmg2nxCtb3JqbEqDuqDl7G%2FDV0QGze2waI%2F40n5sh2%2Fb9wv%2F%2FRattB8LyA%3D%3D","environmentVariables":{"FIREBASE_CONFIG":"{\"projectId\":\"the-pitch-post\",\"storageBucket\":\"the-pitch-post.appspot.com\"}","GCLOUD_PROJECT":"the-pitch-post"},"runtime":"nodejs16","dockerRegistry":"ARTIFACT_REGISTRY"},"versionId":"1","updateTime":"2023-04-30T06:42:12Z","buildId":"799f41bc-fb8f-449c-8223-5fd16193e6f9","buildName":"projects/981423300181/locations/us-central1/builds/799f41bc-fb8f-449c-8223-5fd16193e6f9"}}
[debug] [2023-04-30T06:43:23.292Z] [create-default-us-central1-scrapeGoogle] Retrying task index 0
[debug] [2023-04-30T06:43:23.295Z] >>> [apiv2][query] GET https://cloudfunctions.googleapis.com/v1/operations/dGhlLXBpdGNoLXBvc3QvdXMtY2VudHJhbDEvc2NyYXBlR29vZ2xlL1U2Zzc5Wmd0MHNn [none]
[debug] [2023-04-30T06:43:23.795Z] <<< [apiv2][status] GET https://cloudfunctions.googleapis.com/v1/operations/dGhlLXBpdGNoLXBvc3QvdXMtY2VudHJhbDEvc2NyYXBlR29vZ2xlL1U2Zzc5Wmd0MHNn 200
[debug] [2023-04-30T06:43:23.795Z] <<< [apiv2][body] GET https://cloudfunctions.googleapis.com/v1/operations/dGhlLXBpdGNoLXBvc3QvdXMtY2VudHJhbDEvc2NyYXBlR29vZ2xlL1U2Zzc5Wmd0MHNn {"name":"operations/dGhlLXBpdGNoLXBvc3QvdXMtY2VudHJhbDEvc2NyYXBlR29vZ2xlL1U2Zzc5Wmd0MHNn","metadata":{"@type":"type.googleapis.com/google.cloud.functions.v1.OperationMetadataV1","target":"projects/the-pitch-post/locations/us-central1/functions/scrapeGoogle","type":"CREATE_FUNCTION","request":{"@type":"type.googleapis.com/google.cloud.functions.v1.CloudFunction","name":"projects/the-pitch-post/locations/us-central1/functions/scrapeGoogle","httpsTrigger":{"securityLevel":"SECURE_ALWAYS"},"entryPoint":"scrapeGoogle","labels":{"deployment-tool":"cli-firebase","firebase-functions-hash":"cd34d9d9d1fca0ef2af230b4f650dd5169d6fb6b"},"sourceUploadUrl":"https://storage.googleapis.com/uploads-62324098689.us-central1.cloudfunctions.appspot.com/68987eb2-966e-4444-9c9f-5e365c08de30.zip?GoogleAccessId=service-981423300181@gcf-admin-robot.iam.gserviceaccount.com&Expires=1682838730&Signature=B50Gr5Meu0aVGJaQGO8TJJ1gHqlHQwflh5PrqJ2%2B4F6ZCgXQq2p1Zv0F4BTuVC8DGmo58eO5dLs2kzh9YbRrAvFOSGFDaQhPOMF7yx3dEWCuqBUmYHLoNCsYW7dmVPk8aMPIwPITkmd%2B8LVqGnKZx2boIkSmM%2FkIklSZsro6030b4D3rWztpEo%2FO49kORfEKBgpzCKb1ofoyKwQlzFAhehJ4RwdWiwuq1Zp7lRtjpM0qfS6hzCQcUUphYy5saiRvcD64cPt8Kdr%2B%2B5hqWskL9qbeUp8hlmg2nxCtb3JqbEqDuqDl7G%2FDV0QGze2waI%2F40n5sh2%2Fb9wv%2F%2FRattB8LyA%3D%3D","environmentVariables":{"FIREBASE_CONFIG":"{\"projectId\":\"the-pitch-post\",\"storageBucket\":\"the-pitch-post.appspot.com\"}","GCLOUD_PROJECT":"the-pitch-post"},"runtime":"nodejs16","dockerRegistry":"ARTIFACT_REGISTRY"},"versionId":"1","updateTime":"2023-04-30T06:42:12Z","buildId":"799f41bc-fb8f-449c-8223-5fd16193e6f9","buildName":"projects/981423300181/locations/us-central1/builds/799f41bc-fb8f-449c-8223-5fd16193e6f9"}}
[debug] [2023-04-30T06:43:33.801Z] [create-default-us-central1-scrapeGoogle] Retrying task index 0
[debug] [2023-04-30T06:43:33.804Z] >>> [apiv2][query] GET https://cloudfunctions.googleapis.com/v1/operations/dGhlLXBpdGNoLXBvc3QvdXMtY2VudHJhbDEvc2NyYXBlR29vZ2xlL1U2Zzc5Wmd0MHNn [none]
[debug] [2023-04-30T06:43:34.371Z] <<< [apiv2][status] GET https://cloudfunctions.googleapis.com/v1/operations/dGhlLXBpdGNoLXBvc3QvdXMtY2VudHJhbDEvc2NyYXBlR29vZ2xlL1U2Zzc5Wmd0MHNn 200
[debug] [2023-04-30T06:43:34.371Z] <<< [apiv2][body] GET https://cloudfunctions.googleapis.com/v1/operations/dGhlLXBpdGNoLXBvc3QvdXMtY2VudHJhbDEvc2NyYXBlR29vZ2xlL1U2Zzc5Wmd0MHNn {"name":"operations/dGhlLXBpdGNoLXBvc3QvdXMtY2VudHJhbDEvc2NyYXBlR29vZ2xlL1U2Zzc5Wmd0MHNn","metadata":{"@type":"type.googleapis.com/google.cloud.functions.v1.OperationMetadataV1","target":"projects/the-pitch-post/locations/us-central1/functions/scrapeGoogle","type":"CREATE_FUNCTION","request":{"@type":"type.googleapis.com/google.cloud.functions.v1.CloudFunction","name":"projects/the-pitch-post/locations/us-central1/functions/scrapeGoogle","httpsTrigger":{"securityLevel":"SECURE_ALWAYS"},"entryPoint":"scrapeGoogle","labels":{"deployment-tool":"cli-firebase","firebase-functions-hash":"cd34d9d9d1fca0ef2af230b4f650dd5169d6fb6b"},"sourceUploadUrl":"https://storage.googleapis.com/uploads-62324098689.us-central1.cloudfunctions.appspot.com/68987eb2-966e-4444-9c9f-5e365c08de30.zip?GoogleAccessId=service-981423300181@gcf-admin-robot.iam.gserviceaccount.com&Expires=1682838730&Signature=B50Gr5Meu0aVGJaQGO8TJJ1gHqlHQwflh5PrqJ2%2B4F6ZCgXQq2p1Zv0F4BTuVC8DGmo58eO5dLs2kzh9YbRrAvFOSGFDaQhPOMF7yx3dEWCuqBUmYHLoNCsYW7dmVPk8aMPIwPITkmd%2B8LVqGnKZx2boIkSmM%2FkIklSZsro6030b4D3rWztpEo%2FO49kORfEKBgpzCKb1ofoyKwQlzFAhehJ4RwdWiwuq1Zp7lRtjpM0qfS6hzCQcUUphYy5saiRvcD64cPt8Kdr%2B%2B5hqWskL9qbeUp8hlmg2nxCtb3JqbEqDuqDl7G%2FDV0QGze2waI%2F40n5sh2%2Fb9wv%2F%2FRattB8LyA%3D%3D","environmentVariables":{"FIREBASE_CONFIG":"{\"projectId\":\"the-pitch-post\",\"storageBucket\":\"the-pitch-post.appspot.com\"}","GCLOUD_PROJECT":"the-pitch-post"},"runtime":"nodejs16","dockerRegistry":"ARTIFACT_REGISTRY"},"versionId":"1","updateTime":"2023-04-30T06:42:12Z","buildId":"799f41bc-fb8f-449c-8223-5fd16193e6f9","sourceToken":"aae757b0-2c81-49e6-a322-8a2c9670a94e","buildName":"projects/981423300181/locations/us-central1/builds/799f41bc-fb8f-449c-8223-5fd16193e6f9"}}
[debug] [2023-04-30T06:43:34.372Z] Got source token aae757b0-2c81-49e6-a322-8a2c9670a94e for region us-central1
[debug] [2023-04-30T06:43:44.376Z] [create-default-us-central1-scrapeGoogle] Retrying task index 0
[debug] [2023-04-30T06:43:44.383Z] >>> [apiv2][query] GET https://cloudfunctions.googleapis.com/v1/operations/dGhlLXBpdGNoLXBvc3QvdXMtY2VudHJhbDEvc2NyYXBlR29vZ2xlL1U2Zzc5Wmd0MHNn [none]
[debug] [2023-04-30T06:43:44.948Z] <<< [apiv2][status] GET https://cloudfunctions.googleapis.com/v1/operations/dGhlLXBpdGNoLXBvc3QvdXMtY2VudHJhbDEvc2NyYXBlR29vZ2xlL1U2Zzc5Wmd0MHNn 200
[debug] [2023-04-30T06:43:44.951Z] <<< [apiv2][body] GET https://cloudfunctions.googleapis.com/v1/operations/dGhlLXBpdGNoLXBvc3QvdXMtY2VudHJhbDEvc2NyYXBlR29vZ2xlL1U2Zzc5Wmd0MHNn {"name":"operations/dGhlLXBpdGNoLXBvc3QvdXMtY2VudHJhbDEvc2NyYXBlR29vZ2xlL1U2Zzc5Wmd0MHNn","metadata":{"@type":"type.googleapis.com/google.cloud.functions.v1.OperationMetadataV1","target":"projects/the-pitch-post/locations/us-central1/functions/scrapeGoogle","type":"CREATE_FUNCTION","request":{"@type":"type.googleapis.com/google.cloud.functions.v1.CloudFunction","name":"projects/the-pitch-post/locations/us-central1/functions/scrapeGoogle","httpsTrigger":{"securityLevel":"SECURE_ALWAYS"},"entryPoint":"scrapeGoogle","labels":{"deployment-tool":"cli-firebase","firebase-functions-hash":"cd34d9d9d1fca0ef2af230b4f650dd5169d6fb6b"},"sourceUploadUrl":"https://storage.googleapis.com/uploads-62324098689.us-central1.cloudfunctions.appspot.com/68987eb2-966e-4444-9c9f-5e365c08de30.zip?GoogleAccessId=service-981423300181@gcf-admin-robot.iam.gserviceaccount.com&Expires=1682838730&Signature=B50Gr5Meu0aVGJaQGO8TJJ1gHqlHQwflh5PrqJ2%2B4F6ZCgXQq2p1Zv0F4BTuVC8DGmo58eO5dLs2kzh9YbRrAvFOSGFDaQhPOMF7yx3dEWCuqBUmYHLoNCsYW7dmVPk8aMPIwPITkmd%2B8LVqGnKZx2boIkSmM%2FkIklSZsro6030b4D3rWztpEo%2FO49kORfEKBgpzCKb1ofoyKwQlzFAhehJ4RwdWiwuq1Zp7lRtjpM0qfS6hzCQcUUphYy5saiRvcD64cPt8Kdr%2B%2B5hqWskL9qbeUp8hlmg2nxCtb3JqbEqDuqDl7G%2FDV0QGze2waI%2F40n5sh2%2Fb9wv%2F%2FRattB8LyA%3D%3D","environmentVariables":{"FIREBASE_CONFIG":"{\"projectId\":\"the-pitch-post\",\"storageBucket\":\"the-pitch-post.appspot.com\"}","GCLOUD_PROJECT":"the-pitch-post"},"runtime":"nodejs16","dockerRegistry":"ARTIFACT_REGISTRY"},"versionId":"1","updateTime":"2023-04-30T06:42:12Z","buildId":"799f41bc-fb8f-449c-8223-5fd16193e6f9","sourceToken":"aae757b0-2c81-49e6-a322-8a2c9670a94e","buildName":"projects/981423300181/locations/us-central1/builds/799f41bc-fb8f-449c-8223-5fd16193e6f9"}}
[debug] [2023-04-30T06:43:44.951Z] Got source token aae757b0-2c81-49e6-a322-8a2c9670a94e for region us-central1
[debug] [2023-04-30T06:43:54.953Z] [create-default-us-central1-scrapeGoogle] Retrying task index 0
[debug] [2023-04-30T06:43:54.956Z] >>> [apiv2][query] GET https://cloudfunctions.googleapis.com/v1/operations/dGhlLXBpdGNoLXBvc3QvdXMtY2VudHJhbDEvc2NyYXBlR29vZ2xlL1U2Zzc5Wmd0MHNn [none]
[debug] [2023-04-30T06:43:55.530Z] <<< [apiv2][status] GET https://cloudfunctions.googleapis.com/v1/operations/dGhlLXBpdGNoLXBvc3QvdXMtY2VudHJhbDEvc2NyYXBlR29vZ2xlL1U2Zzc5Wmd0MHNn 200
[debug] [2023-04-30T06:43:55.531Z] <<< [apiv2][body] GET https://cloudfunctions.googleapis.com/v1/operations/dGhlLXBpdGNoLXBvc3QvdXMtY2VudHJhbDEvc2NyYXBlR29vZ2xlL1U2Zzc5Wmd0MHNn {"name":"operations/dGhlLXBpdGNoLXBvc3QvdXMtY2VudHJhbDEvc2NyYXBlR29vZ2xlL1U2Zzc5Wmd0MHNn","metadata":{"@type":"type.googleapis.com/google.cloud.functions.v1.OperationMetadataV1","target":"projects/the-pitch-post/locations/us-central1/functions/scrapeGoogle","type":"CREATE_FUNCTION","request":{"@type":"type.googleapis.com/google.cloud.functions.v1.CloudFunction","name":"projects/the-pitch-post/locations/us-central1/functions/scrapeGoogle","httpsTrigger":{"securityLevel":"SECURE_ALWAYS"},"entryPoint":"scrapeGoogle","labels":{"deployment-tool":"cli-firebase","firebase-functions-hash":"cd34d9d9d1fca0ef2af230b4f650dd5169d6fb6b"},"sourceUploadUrl":"https://storage.googleapis.com/uploads-62324098689.us-central1.cloudfunctions.appspot.com/68987eb2-966e-4444-9c9f-5e365c08de30.zip?GoogleAccessId=service-981423300181@gcf-admin-robot.iam.gserviceaccount.com&Expires=1682838730&Signature=B50Gr5Meu0aVGJaQGO8TJJ1gHqlHQwflh5PrqJ2%2B4F6ZCgXQq2p1Zv0F4BTuVC8DGmo58eO5dLs2kzh9YbRrAvFOSGFDaQhPOMF7yx3dEWCuqBUmYHLoNCsYW7dmVPk8aMPIwPITkmd%2B8LVqGnKZx2boIkSmM%2FkIklSZsro6030b4D3rWztpEo%2FO49kORfEKBgpzCKb1ofoyKwQlzFAhehJ4RwdWiwuq1Zp7lRtjpM0qfS6hzCQcUUphYy5saiRvcD64cPt8Kdr%2B%2B5hqWskL9qbeUp8hlmg2nxCtb3JqbEqDuqDl7G%2FDV0QGze2waI%2F40n5sh2%2Fb9wv%2F%2FRattB8LyA%3D%3D","environmentVariables":{"FIREBASE_CONFIG":"{\"projectId\":\"the-pitch-post\",\"storageBucket\":\"the-pitch-post.appspot.com\"}","GCLOUD_PROJECT":"the-pitch-post"},"runtime":"nodejs16","dockerRegistry":"ARTIFACT_REGISTRY"},"versionId":"1","updateTime":"2023-04-30T06:43:50Z","buildId":"799f41bc-fb8f-449c-8223-5fd16193e6f9","sourceToken":"aae757b0-2c81-49e6-a322-8a2c9670a94e","buildName":"projects/981423300181/locations/us-central1/builds/799f41bc-fb8f-449c-8223-5fd16193e6f9"},"done":true,"error":{"code":3,"message":"Function failed on loading user code. This is likely due to a bug in the user code. Error message: Provided module can't be loaded.\nDid you list all required modules in the package.json dependencies?\nDetailed stack trace: Error: Cannot find module 'puppeteer'\nRequire stack:\n- /workspace/index.js\n- /layers/google.nodejs.functions-framework/functions-framework/node_modules/@google-cloud/functions-framework/build/src/loader.js\n- /layers/google.nodejs.functions-framework/functions-framework/node_modules/@google-cloud/functions-framework/build/src/main.js\n    at Function.Module._resolveFilename (node:internal/modules/cjs/loader:1026:15)\n    at Function.Module._load (node:internal/modules/cjs/loader:871:27)\n    at Module.require (node:internal/modules/cjs/loader:1098:19)\n    at require (node:internal/modules/cjs/helpers:108:18)\n    at Object.<anonymous> (/workspace/index.js:11:19)\n    at Module._compile (node:internal/modules/cjs/loader:1196:14)\n    at Object.Module._extensions..js (node:internal/modules/cjs/loader:1250:10)\n    at Module.load (node:internal/modules/cjs/loader:1074:32)\n    at Function.Module._load (node:internal/modules/cjs/loader:909:12)\n    at Module.require (node:internal/modules/cjs/loader:1098:19)\nCould not load the function, shutting down.\n. Please visit https://cloud.google.com/functions/docs/troubleshooting for in-depth troubleshooting documentation."}}
[debug] [2023-04-30T06:43:55.531Z] Got source token aae757b0-2c81-49e6-a322-8a2c9670a94e for region us-central1
[error] Function failed on loading user code. This is likely due to a bug in the user code. Error message: Provided module can't be loaded.
Did you list all required modules in the package.json dependencies?
Detailed stack trace: Error: Cannot find module 'puppeteer'
Require stack:
- /workspace/index.js
- /layers/google.nodejs.functions-framework/functions-framework/node_modules/@google-cloud/functions-framework/build/src/loader.js
- /layers/google.nodejs.functions-framework/functions-framework/node_modules/@google-cloud/functions-framework/build/src/main.js
    at Function.Module._resolveFilename (node:internal/modules/cjs/loader:1026:15)
    at Function.Module._load (node:internal/modules/cjs/loader:871:27)
    at Module.require (node:internal/modules/cjs/loader:1098:19)
    at require (node:internal/modules/cjs/helpers:108:18)
    at Object.<anonymous> (/workspace/index.js:11:19)
    at Module._compile (node:internal/modules/cjs/loader:1196:14)
    at Object.Module._extensions..js (node:internal/modules/cjs/loader:1250:10)
    at Module.load (node:internal/modules/cjs/loader:1074:32)
    at Function.Module._load (node:internal/modules/cjs/loader:909:12)
    at Module.require (node:internal/modules/cjs/loader:1098:19)
Could not load the function, shutting down.
. Please visit https://cloud.google.com/functions/docs/troubleshooting for in-depth troubleshooting documentation.
[debug] [2023-04-30T06:43:55.556Z] Total Function Deployment time: 104456
[debug] [2023-04-30T06:43:55.556Z] 1 Functions Deployed
[debug] [2023-04-30T06:43:55.556Z] 1 Functions Errored
[debug] [2023-04-30T06:43:55.556Z] 0 Function Deployments Aborted
[debug] [2023-04-30T06:43:55.556Z] Average Function Deployment time: 104454
[info] 
[info] Functions deploy had errors with the following functions:
	scrapeGoogle(us-central1)
[debug] [2023-04-30T06:43:56.677Z] Not printing URL for HTTPS function. Typically this means it didn't match a filter or we failed deployment
[info] i  functions: cleaning up build files... 
[debug] [2023-04-30T06:43:56.689Z] >>> [apiv2][query] DELETE https://artifactregistry.googleapis.com/v1beta2/projects/the-pitch-post/locations/us-central1/repositories/gcf-artifacts/packages/scrape_google [none]
[debug] [2023-04-30T06:43:56.696Z] >>> [apiv2][query] GET https://us.gcr.io/v2/the-pitch-post/gcf/us-central1/tags/list [none]
[debug] [2023-04-30T06:43:57.809Z] <<< [apiv2][status] DELETE https://artifactregistry.googleapis.com/v1beta2/projects/the-pitch-post/locations/us-central1/repositories/gcf-artifacts/packages/scrape_google 200
[debug] [2023-04-30T06:43:57.810Z] <<< [apiv2][body] DELETE https://artifactregistry.googleapis.com/v1beta2/projects/the-pitch-post/locations/us-central1/repositories/gcf-artifacts/packages/scrape_google {"name":"projects/the-pitch-post/locations/us-central1/operations/61827045-7c0c-4667-a8c1-b84ae5d839c9","metadata":{"@type":"type.googleapis.com/google.devtools.artifactregistry.v1beta2.OperationMetadata"}}
[debug] [2023-04-30T06:43:57.815Z] >>> [apiv2][query] GET https://artifactregistry.googleapis.com/v1beta2/projects/the-pitch-post/locations/us-central1/operations/61827045-7c0c-4667-a8c1-b84ae5d839c9 [none]
[debug] [2023-04-30T06:43:58.709Z] <<< [apiv2][status] GET https://us.gcr.io/v2/the-pitch-post/gcf/us-central1/tags/list 200
[debug] [2023-04-30T06:43:58.710Z] <<< [apiv2][body] GET https://us.gcr.io/v2/the-pitch-post/gcf/us-central1/tags/list {"child":[],"manifest":{},"name":"the-pitch-post/gcf/us-central1","tags":[]}
[debug] [2023-04-30T06:43:58.711Z] Could not find image for function projects/the-pitch-post/locations/us-central1/functions/scrapeGoogle
[debug] [2023-04-30T06:43:58.908Z] <<< [apiv2][status] GET https://artifactregistry.googleapis.com/v1beta2/projects/the-pitch-post/locations/us-central1/operations/61827045-7c0c-4667-a8c1-b84ae5d839c9 200
[debug] [2023-04-30T06:43:58.908Z] <<< [apiv2][body] GET https://artifactregistry.googleapis.com/v1beta2/projects/the-pitch-post/locations/us-central1/operations/61827045-7c0c-4667-a8c1-b84ae5d839c9 {"name":"projects/the-pitch-post/locations/us-central1/operations/61827045-7c0c-4667-a8c1-b84ae5d839c9","metadata":{"@type":"type.googleapis.com/google.devtools.artifactregistry.v1beta2.OperationMetadata"},"done":true,"response":{"@type":"type.googleapis.com/google.protobuf.Empty"}}
[debug] [2023-04-30T06:43:58.910Z] Functions deploy failed.
[debug] [2023-04-30T06:43:58.910Z] {
  "endpoint": {
    "id": "scrapeGoogle",
    "project": "the-pitch-post",
    "region": "us-central1",
    "entryPoint": "scrapeGoogle",
    "platform": "gcfv1",
    "runtime": "nodejs16",
    "httpsTrigger": {},
    "environmentVariables": {
      "FIREBASE_CONFIG": "{\"projectId\":\"the-pitch-post\",\"storageBucket\":\"the-pitch-post.appspot.com\"}",
      "GCLOUD_PROJECT": "the-pitch-post"
    },
    "codebase": "default",
    "targetedByOnly": false,
    "hash": "cd34d9d9d1fca0ef2af230b4f650dd5169d6fb6b",
    "labels": {
      "deployment-tool": "cli-firebase"
    }
  },
  "op": "create",
  "original": {
    "name": "FirebaseError",
    "children": [],
    "exit": 1,
    "message": "Function failed on loading user code. This is likely due to a bug in the user code. Error message: Provided module can't be loaded.\nDid you list all required modules in the package.json dependencies?\nDetailed stack trace: Error: Cannot find module 'puppeteer'\nRequire stack:\n- /workspace/index.js\n- /layers/google.nodejs.functions-framework/functions-framework/node_modules/@google-cloud/functions-framework/build/src/loader.js\n- /layers/google.nodejs.functions-framework/functions-framework/node_modules/@google-cloud/functions-framework/build/src/main.js\n    at Function.Module._resolveFilename (node:internal/modules/cjs/loader:1026:15)\n    at Function.Module._load (node:internal/modules/cjs/loader:871:27)\n    at Module.require (node:internal/modules/cjs/loader:1098:19)\n    at require (node:internal/modules/cjs/helpers:108:18)\n    at Object.<anonymous> (/workspace/index.js:11:19)\n    at Module._compile (node:internal/modules/cjs/loader:1196:14)\n    at Object.Module._extensions..js (node:internal/modules/cjs/loader:1250:10)\n    at Module.load (node:internal/modules/cjs/loader:1074:32)\n    at Function.Module._load (node:internal/modules/cjs/loader:909:12)\n    at Module.require (node:internal/modules/cjs/loader:1098:19)\nCould not load the function, shutting down.\n. Please visit https://cloud.google.com/functions/docs/troubleshooting for in-depth troubleshooting documentation.",
    "status": 3
  }
}
[debug] [2023-04-30T06:44:00.046Z] Error: Failed to create function scrapeGoogle in region us-central1
    at /Users/entaku/.cache/firebase/tools/lib/node_modules/firebase-tools/lib/deploy/functions/release/fabricator.js:41:11
    at processTicksAndRejections (node:internal/process/task_queues:96:5)
    at async Fabricator.createV1Function (/Users/entaku/.cache/firebase/tools/lib/node_modules/firebase-tools/lib/deploy/functions/release/fabricator.js:171:32)
    at async Fabricator.createEndpoint (/Users/entaku/.cache/firebase/tools/lib/node_modules/firebase-tools/lib/deploy/functions/release/fabricator.js:122:13)
    at async handle (/Users/entaku/.cache/firebase/tools/lib/node_modules/firebase-tools/lib/deploy/functions/release/fabricator.js:78:17)
[error] 
[error] Error: There was an error deploying functions
